2024-09-23 22:23:27,769 [INFO] Activator:176 - 


2024-09-23 22:23:27,781 [INFO] Activator:177 - !SESSION log4j initialized
2024-09-23 22:23:45,860 [INFO] LogOutputStream:77 - [STDOUT_REDIRECT] 
2024-09-23 22:23:59,307 [INFO] ApplicationProperties:184 - Using Application install path: C:\ST\STM32CubeIDE_1.16.1\STM32CubeIDE\plugins\com.st.stm32cube.common.mx_6.12.1.202409122256
2024-09-23 22:23:59,391 [INFO] DbMcusXml:78 - Set database path to: C:\ST\STM32CubeIDE_1.16.1\STM32CubeIDE\plugins\com.st.stm32cube.common.mx_6.12.1.202409122256\\db\/mcu/
2024-09-23 22:23:59,392 [INFO] ApiDb:274 - Set plugin database path to: C:\ST\STM32CubeIDE_1.16.1\STM32CubeIDE\plugins\com.st.stm32cube.common.mx_6.12.1.202409122256\\db\/plugins/boardmanager/
2024-09-23 22:23:59,394 [WARN] ApiDb:259 - Overriding images path with different value:  => C:\ST\STM32CubeIDE_1.16.1\STM32CubeIDE\plugins\com.st.stm32cube.common.mx_6.12.1.202409122256\\db\/plugins/mcufinder/images/
2024-09-23 22:24:08,161 [WARN] ApiFinderProperties:113 - C:\Users\Uto_Motorad\.stmcufinder\plugins\mcufinder\mcu\mcuFinder.mfd doesn't exist
2024-09-23 22:24:08,163 [INFO] ApiDb:250 - Set database path to: C:\Users\Uto_Motorad\.stmcufinder\plugins\mcufinder//mcu/
2024-09-23 22:24:08,169 [INFO] DbMcusAds:125 - Set database path to: C:\Users\Uto_Motorad\.stmcufinder\plugins\mcufinder//mcu/
2024-09-23 22:24:08,415 [INFO] CrossReferenceDbSqlite:203 - Set database path to: C:\Users\Uto_Motorad\.stmcufinder\plugins\mcufinder//mcu/cs/
2024-09-23 22:24:09,038 [INFO] RulesReader:64 - Compatibility file has been processed (297 Rules)
2024-09-23 22:24:09,531 [INFO] DbMcusXml:78 - Set database path to: C:\ST\STM32CubeIDE_1.16.1\STM32CubeIDE\plugins\com.st.stm32cube.common.mx_6.12.1.202409122256\\db\/mcu/
2024-09-23 22:24:09,531 [INFO] ApiDb:274 - Set plugin database path to: C:\ST\STM32CubeIDE_1.16.1\STM32CubeIDE\plugins\com.st.stm32cube.common.mx_6.12.1.202409122256\\db\/plugins/boardmanager/
2024-09-23 22:24:09,532 [INFO] ApiDb:261 - Set plugin images path to: C:\ST\STM32CubeIDE_1.16.1\STM32CubeIDE\plugins\com.st.stm32cube.common.mx_6.12.1.202409122256\\db\/plugins/mcufinder/images/
2024-09-23 22:24:09,533 [WARN] DbFile:41 - Overriding database path with different value: C:\Users\Uto_Motorad\.stmcufinder\plugins\mcufinder/ => C:\Users\Uto_Motorad\.stmcufinder\plugins\mcufinder
2024-09-23 22:24:09,533 [INFO] ApiDb:250 - Set database path to: C:\Users\Uto_Motorad\.stmcufinder\plugins\mcufinder//mcu/
2024-09-23 22:24:09,533 [WARN] DbFile:41 - Overriding database path with different value: C:\Users\Uto_Motorad\.stmcufinder\plugins\mcufinder/ => C:\Users\Uto_Motorad\.stmcufinder\plugins\mcufinder
2024-09-23 22:24:09,534 [INFO] DbMcusAds:125 - Set database path to: C:\Users\Uto_Motorad\.stmcufinder\plugins\mcufinder//mcu/
2024-09-23 22:24:09,534 [WARN] DbFile:41 - Overriding database path with different value: C:\Users\Uto_Motorad\.stmcufinder\plugins\mcufinder/ => C:\Users\Uto_Motorad\.stmcufinder\plugins\mcufinder
2024-09-23 22:24:09,534 [WARN] DbFile:41 - Overriding database path with different value: C:\Users\Uto_Motorad\.stmcufinder\plugins\mcufinder/ => C:\Users\Uto_Motorad\.stmcufinder\plugins\mcufinder
2024-09-23 22:24:09,535 [INFO] CrossReferenceDbSqlite:203 - Set database path to: C:\Users\Uto_Motorad\.stmcufinder\plugins\mcufinder//mcu/cs/
2024-09-23 22:24:10,359 [INFO] MainPanel:268 - HeapMemory: 268435456
2024-09-23 22:24:10,948 [INFO] DbMcusXml:78 - Set database path to: C:\ST\STM32CubeIDE_1.16.1\STM32CubeIDE\plugins\com.st.stm32cube.common.mx_6.12.1.202409122256\\db\/mcu/
2024-09-23 22:24:10,949 [INFO] ApiDb:274 - Set plugin database path to: C:\ST\STM32CubeIDE_1.16.1\STM32CubeIDE\plugins\com.st.stm32cube.common.mx_6.12.1.202409122256\\db\/plugins/boardmanager/
2024-09-23 22:24:10,949 [INFO] ApiDb:261 - Set plugin images path to: C:\ST\STM32CubeIDE_1.16.1\STM32CubeIDE\plugins\com.st.stm32cube.common.mx_6.12.1.202409122256\\db\/plugins/mcufinder/images/
2024-09-23 22:24:10,950 [WARN] DbFile:41 - Overriding database path with different value: C:\Users\Uto_Motorad\.stmcufinder\plugins\mcufinder/ => C:\Users\Uto_Motorad\.stmcufinder\plugins\mcufinder
2024-09-23 22:24:10,951 [INFO] ApiDb:250 - Set database path to: C:\Users\Uto_Motorad\.stmcufinder\plugins\mcufinder//mcu/
2024-09-23 22:24:10,951 [WARN] DbFile:41 - Overriding database path with different value: C:\Users\Uto_Motorad\.stmcufinder\plugins\mcufinder/ => C:\Users\Uto_Motorad\.stmcufinder\plugins\mcufinder
2024-09-23 22:24:10,952 [INFO] DbMcusAds:125 - Set database path to: C:\Users\Uto_Motorad\.stmcufinder\plugins\mcufinder//mcu/
2024-09-23 22:24:10,952 [WARN] DbFile:41 - Overriding database path with different value: C:\Users\Uto_Motorad\.stmcufinder\plugins\mcufinder/ => C:\Users\Uto_Motorad\.stmcufinder\plugins\mcufinder
2024-09-23 22:24:10,952 [WARN] DbFile:41 - Overriding database path with different value: C:\Users\Uto_Motorad\.stmcufinder\plugins\mcufinder/ => C:\Users\Uto_Motorad\.stmcufinder\plugins\mcufinder
2024-09-23 22:24:10,953 [INFO] CrossReferenceDbSqlite:203 - Set database path to: C:\Users\Uto_Motorad\.stmcufinder\plugins\mcufinder//mcu/cs/
2024-09-23 22:24:11,022 [INFO] ApplicationProperties:184 - Using Application install path: C:\ST\STM32CubeIDE_1.16.1\STM32CubeIDE\plugins\com.st.stm32cube.common.mx_6.12.1.202409122256
2024-09-23 22:24:11,025 [INFO] PluginManage:196 - Search for loadable plugins [exclusion list=, ]
2024-09-23 22:24:11,029 [INFO] PluginManage:310 - Check plugin analytics
2024-09-23 22:24:12,004 [INFO] AnalyticsPlugin:253 - Accepted Software Licenses: 
2024-09-23 22:24:12,005 [INFO] AnalyticsPlugin:255 - Accepted CMSIS Pack Licenses: 
2024-09-23 22:24:12,006 [INFO] AnalyticsPlugin:257 - Accepted Firmware Licenses: 
2024-09-23 22:24:12,018 [INFO] PluginManage:359 - Loaded plugin analytics (category:tool,tabindex:-1)
2024-09-23 22:24:12,020 [INFO] PluginManage:310 - Check plugin cadmodel
2024-09-23 22:24:12,044 [INFO] CADModel:105 - Init CAD model plugin
2024-09-23 22:24:12,045 [INFO] PluginManage:359 - Loaded plugin cadmodel (category:power,tabindex:5)
2024-09-23 22:24:12,046 [INFO] PluginManage:310 - Check plugin clock
2024-09-23 22:24:12,078 [INFO] PluginManage:359 - Loaded plugin clock (category:base,tabindex:2)
2024-09-23 22:24:12,078 [INFO] PluginManage:310 - Check plugin ddr
2024-09-23 22:24:12,095 [INFO] PluginManage:359 - Loaded plugin ddr (category:tool,tabindex:6)
2024-09-23 22:24:12,096 [INFO] PluginManage:310 - Check plugin filemanager
2024-09-23 22:24:13,113 [INFO] PluginManage:359 - Loaded plugin filemanager (category:base,tabindex:10)
2024-09-23 22:24:13,114 [INFO] PluginManage:310 - Check plugin ipmanager
2024-09-23 22:24:13,145 [INFO] PluginManage:359 - Loaded plugin ipmanager (category:base,tabindex:5)
2024-09-23 22:24:13,146 [INFO] PluginManage:310 - Check plugin lpbam
2024-09-23 22:24:13,248 [INFO] PluginManage:359 - Loaded plugin lpbam (category:base,tabindex:0)
2024-09-23 22:24:13,249 [INFO] PluginManage:310 - Check plugin memorymap
2024-09-23 22:24:13,474 [INFO] PluginManage:359 - Loaded plugin memorymap (category:base,tabindex:4)
2024-09-23 22:24:13,475 [INFO] PluginManage:310 - Check plugin pinoutandconfiguration
2024-09-23 22:24:13,582 [INFO] PluginManage:359 - Loaded plugin pinoutandconfiguration (category:base,tabindex:1)
2024-09-23 22:24:13,582 [INFO] PluginManage:310 - Check plugin pinoutconfig
2024-09-23 22:24:14,189 [WARN] SupportedApi:132 - Cannot load RTOS API schema: s4s-elt-must-match.1: The content of 'definitions' must match (annotation?, (simpleType | complexType)?, (unique | key | keyref)*)). A problem was found starting at: attribute.
2024-09-23 22:24:14,845 [INFO] PluginManage:359 - Loaded plugin pinoutconfig (category:base,tabindex:0)
2024-09-23 22:24:14,846 [INFO] PluginManage:310 - Check plugin power
2024-09-23 22:24:14,904 [INFO] PluginManage:359 - Loaded plugin power (category:power,tabindex:4)
2024-09-23 22:24:14,904 [INFO] PluginManage:310 - Check plugin projectmanager
2024-09-23 22:24:15,009 [INFO] PluginManage:359 - Loaded plugin projectmanager (category:projectmanager,tabindex:4)
2024-09-23 22:24:15,010 [INFO] PluginManage:310 - Check plugin rif
2024-09-23 22:24:15,029 [INFO] PluginManage:359 - Loaded plugin rif (category:base,tabindex:3)
2024-09-23 22:24:15,030 [INFO] PluginManage:310 - Check plugin thirdparty
2024-09-23 22:24:15,965 [INFO] PluginManage:359 - Loaded plugin thirdparty (category:base,tabindex:-1)
2024-09-23 22:24:15,965 [INFO] PluginManage:310 - Check plugin tools
2024-09-23 22:24:15,980 [INFO] PluginManage:359 - Loaded plugin tools (category:base,tabindex:7)
2024-09-23 22:24:15,981 [INFO] PluginManage:310 - Check plugin tutovideos
2024-09-23 22:24:15,982 [WARN] IntegrityCheckThread:84 - waiting for thirdparty lock release [integrity check]
2024-09-23 22:24:15,984 [INFO] IntegrityCheckThread:86 - entering critical section [integrity check]
2024-09-23 22:24:15,986 [INFO] ThirdPartyUpdaterWithRetryManager:70 - Updater plugin not ready yet. [1/15]
2024-09-23 22:24:17,148 [INFO] PluginManage:359 - Loaded plugin tutovideos (category:base,tabindex:-1)
2024-09-23 22:24:17,149 [INFO] PluginManage:310 - Check plugin updater
2024-09-23 22:24:17,325 [INFO] PluginManage:359 - Loaded plugin updater (category:base,tabindex:12)
2024-09-23 22:24:17,326 [INFO] PluginManage:310 - Check plugin userauth
2024-09-23 22:24:17,440 [INFO] UserAuth:113 - Init User Auth plugin
2024-09-23 22:24:17,441 [INFO] PluginManage:359 - Loaded plugin userauth (category:base,tabindex:14)
2024-09-23 22:24:17,444 [INFO] PluginManage:283 - PluginManage : Loaded plugins [18]
2024-09-23 22:24:18,988 [INFO] ThirdPartyUpdaterWithRetryManager:70 - Updater plugin not ready yet. [2/15]
2024-09-23 22:24:19,165 [INFO] PinOutPanel:1561 - setPackage(No Configuration,No Configuration)
2024-09-23 22:24:19,648 [INFO] CADModel:165 - CPN selected for project level
2024-09-23 22:24:19,649 [INFO] CADModel:114 - Register for checkConnection events
2024-09-23 22:24:19,773 [INFO] IPUIPlugin:80 - create IPUIPlugin
2024-09-23 22:24:19,774 [INFO] PluginManager:220 - loadIPPluginJar : add adc
2024-09-23 22:24:19,782 [INFO] IPUIPlugin:80 - create IPUIPlugin
2024-09-23 22:24:19,783 [INFO] PluginManager:220 - loadIPPluginJar : add aes
2024-09-23 22:24:19,791 [INFO] IPUIPlugin:80 - create IPUIPlugin
2024-09-23 22:24:19,791 [INFO] PluginManager:220 - loadIPPluginJar : add can
2024-09-23 22:24:19,795 [INFO] IPUIPlugin:80 - create IPUIPlugin
2024-09-23 22:24:19,796 [INFO] PluginManager:220 - loadIPPluginJar : add comp
2024-09-23 22:24:19,802 [INFO] IPUIPlugin:80 - create IPUIPlugin
2024-09-23 22:24:19,803 [INFO] PluginManager:220 - loadIPPluginJar : add cryp
2024-09-23 22:24:19,809 [INFO] IPUIPlugin:80 - create IPUIPlugin
2024-09-23 22:24:19,809 [INFO] PluginManager:220 - loadIPPluginJar : add ddr_ctrl_phy
2024-09-23 22:24:19,816 [INFO] IPUIPlugin:80 - create IPUIPlugin
2024-09-23 22:24:19,817 [INFO] PluginManager:220 - loadIPPluginJar : add dfsdm
2024-09-23 22:24:19,848 [INFO] IPUIPlugin:80 - create IPUIPlugin
2024-09-23 22:24:19,850 [INFO] PluginManager:220 - loadIPPluginJar : add dma
2024-09-23 22:24:19,860 [INFO] IPUIPlugin:80 - create IPUIPlugin
2024-09-23 22:24:19,861 [INFO] PluginManager:220 - loadIPPluginJar : add dma3
2024-09-23 22:24:19,868 [INFO] IPUIPlugin:80 - create IPUIPlugin
2024-09-23 22:24:19,868 [INFO] PluginManager:220 - loadIPPluginJar : add extmemmanager
2024-09-23 22:24:19,873 [INFO] IPUIPlugin:80 - create IPUIPlugin
2024-09-23 22:24:19,873 [INFO] PluginManager:220 - loadIPPluginJar : add fatfs
2024-09-23 22:24:19,888 [INFO] IPUIPlugin:80 - create IPUIPlugin
2024-09-23 22:24:19,889 [INFO] PluginManager:220 - loadIPPluginJar : add fmc
2024-09-23 22:24:19,916 [INFO] IPUIPlugin:80 - create IPUIPlugin
2024-09-23 22:24:19,917 [INFO] PluginManager:220 - loadIPPluginJar : add freertos
2024-09-23 22:24:19,922 [INFO] IPUIPlugin:80 - create IPUIPlugin
2024-09-23 22:24:19,922 [INFO] PluginManager:220 - loadIPPluginJar : add genericplugin
2024-09-23 22:24:19,929 [INFO] IPUIPlugin:80 - create IPUIPlugin
2024-09-23 22:24:19,929 [INFO] PluginManager:220 - loadIPPluginJar : add gfxmmu
2024-09-23 22:24:19,948 [INFO] IPUIPlugin:80 - create IPUIPlugin
2024-09-23 22:24:19,949 [INFO] PluginManager:220 - loadIPPluginJar : add gic
2024-09-23 22:24:19,965 [INFO] IPUIPlugin:80 - create IPUIPlugin
2024-09-23 22:24:19,965 [INFO] PluginManager:220 - loadIPPluginJar : add gpio
2024-09-23 22:24:19,975 [INFO] IPUIPlugin:80 - create IPUIPlugin
2024-09-23 22:24:19,976 [INFO] PluginManager:220 - loadIPPluginJar : add gtzc
2024-09-23 22:24:19,982 [INFO] IPUIPlugin:80 - create IPUIPlugin
2024-09-23 22:24:19,983 [INFO] PluginManager:220 - loadIPPluginJar : add hash
2024-09-23 22:24:19,995 [INFO] IPUIPlugin:80 - create IPUIPlugin
2024-09-23 22:24:19,995 [INFO] PluginManager:220 - loadIPPluginJar : add i2c
2024-09-23 22:24:20,005 [INFO] IPUIPlugin:80 - create IPUIPlugin
2024-09-23 22:24:20,006 [INFO] PluginManager:220 - loadIPPluginJar : add i2s
2024-09-23 22:24:20,018 [INFO] IPUIPlugin:80 - create IPUIPlugin
2024-09-23 22:24:20,018 [INFO] PluginManager:220 - loadIPPluginJar : add i3c
2024-09-23 22:24:20,028 [INFO] IPUIPlugin:80 - create IPUIPlugin
2024-09-23 22:24:20,029 [INFO] PluginManager:220 - loadIPPluginJar : add ipddr
2024-09-23 22:24:20,105 [INFO] IPUIPlugin:80 - create IPUIPlugin
2024-09-23 22:24:20,105 [INFO] PluginManager:220 - loadIPPluginJar : add linkedlist
2024-09-23 22:24:20,112 [INFO] IPUIPlugin:80 - create IPUIPlugin
2024-09-23 22:24:20,112 [INFO] PluginManager:220 - loadIPPluginJar : add lorawan
2024-09-23 22:24:20,116 [INFO] IPUIPlugin:80 - create IPUIPlugin
2024-09-23 22:24:20,116 [INFO] PluginManager:220 - loadIPPluginJar : add ltdc
2024-09-23 22:24:20,132 [INFO] IPUIPlugin:80 - create IPUIPlugin
2024-09-23 22:24:20,132 [INFO] PluginManager:220 - loadIPPluginJar : add mdma
2024-09-23 22:24:20,144 [INFO] IPUIPlugin:80 - create IPUIPlugin
2024-09-23 22:24:20,144 [INFO] PluginManager:220 - loadIPPluginJar : add nvic
2024-09-23 22:24:20,153 [INFO] IPUIPlugin:80 - create IPUIPlugin
2024-09-23 22:24:20,154 [INFO] PluginManager:220 - loadIPPluginJar : add opamp
2024-09-23 22:24:20,164 [INFO] IPUIPlugin:80 - create IPUIPlugin
2024-09-23 22:24:20,165 [INFO] PluginManager:220 - loadIPPluginJar : add openamp
2024-09-23 22:24:20,175 [INFO] IPUIPlugin:80 - create IPUIPlugin
2024-09-23 22:24:20,175 [INFO] PluginManager:220 - loadIPPluginJar : add pdm2pcm
2024-09-23 22:24:20,195 [INFO] IPUIPlugin:80 - create IPUIPlugin
2024-09-23 22:24:20,204 [INFO] PluginManager:220 - loadIPPluginJar : add plateformsettings
2024-09-23 22:24:20,210 [INFO] IPUIPlugin:80 - create IPUIPlugin
2024-09-23 22:24:20,210 [INFO] PluginManager:220 - loadIPPluginJar : add quadspi
2024-09-23 22:24:20,216 [INFO] IPUIPlugin:80 - create IPUIPlugin
2024-09-23 22:24:20,218 [INFO] PluginManager:220 - loadIPPluginJar : add radio
2024-09-23 22:24:20,229 [INFO] IPUIPlugin:80 - create IPUIPlugin
2024-09-23 22:24:20,230 [INFO] PluginManager:220 - loadIPPluginJar : add resmgrutility
2024-09-23 22:24:20,250 [INFO] IPUIPlugin:80 - create IPUIPlugin
2024-09-23 22:24:20,250 [INFO] PluginManager:220 - loadIPPluginJar : add sai
2024-09-23 22:24:20,257 [INFO] IPUIPlugin:80 - create IPUIPlugin
2024-09-23 22:24:20,258 [INFO] PluginManager:220 - loadIPPluginJar : add spi
2024-09-23 22:24:20,274 [INFO] IPUIPlugin:80 - create IPUIPlugin
2024-09-23 22:24:20,275 [INFO] PluginManager:220 - loadIPPluginJar : add stm32_wpan
2024-09-23 22:24:20,281 [INFO] IPUIPlugin:80 - create IPUIPlugin
2024-09-23 22:24:20,281 [INFO] PluginManager:220 - loadIPPluginJar : add tim
2024-09-23 22:24:20,291 [INFO] IPUIPlugin:80 - create IPUIPlugin
2024-09-23 22:24:20,292 [INFO] PluginManager:220 - loadIPPluginJar : add touchsensing
2024-09-23 22:24:20,297 [INFO] IPUIPlugin:80 - create IPUIPlugin
2024-09-23 22:24:20,297 [INFO] PluginManager:220 - loadIPPluginJar : add tracer_emb
2024-09-23 22:24:20,303 [INFO] IPUIPlugin:80 - create IPUIPlugin
2024-09-23 22:24:20,304 [INFO] PluginManager:220 - loadIPPluginJar : add ts
2024-09-23 22:24:20,309 [INFO] IPUIPlugin:80 - create IPUIPlugin
2024-09-23 22:24:20,309 [INFO] PluginManager:220 - loadIPPluginJar : add tsc
2024-09-23 22:24:20,314 [INFO] IPUIPlugin:80 - create IPUIPlugin
2024-09-23 22:24:20,315 [INFO] PluginManager:220 - loadIPPluginJar : add ucpd
2024-09-23 22:24:20,325 [INFO] IPUIPlugin:80 - create IPUIPlugin
2024-09-23 22:24:20,326 [INFO] PluginManager:220 - loadIPPluginJar : add usart
2024-09-23 22:24:20,336 [INFO] IPUIPlugin:80 - create IPUIPlugin
2024-09-23 22:24:20,337 [INFO] PluginManager:220 - loadIPPluginJar : add usbx
2024-09-23 22:24:20,673 [INFO] CADModel:165 - CPN selected for project level
2024-09-23 22:24:20,673 [INFO] CADModel:114 - Register for checkConnection events
2024-09-23 22:24:20,674 [FATAL] Updater:334 - Updater called before beeing initialized
2024-09-23 22:24:20,674 [ERROR] CADModel:125 - Updater not yet initialized, retry later 
2024-09-23 22:24:21,558 [INFO] CADModel:165 - CPN selected for project level
2024-09-23 22:24:21,559 [INFO] CADModel:114 - Register for checkConnection events
2024-09-23 22:24:21,559 [FATAL] Updater:334 - Updater called before beeing initialized
2024-09-23 22:24:21,559 [ERROR] CADModel:125 - Updater not yet initialized, retry later 
2024-09-23 22:24:21,567 [FATAL] Updater:334 - Updater called before beeing initialized
2024-09-23 22:24:21,989 [INFO] ThirdPartyUpdaterWithRetryManager:70 - Updater plugin not ready yet. [3/15]
2024-09-23 22:24:22,055 [FATAL] Updater:334 - Updater called before beeing initialized
2024-09-23 22:24:22,068 [INFO] DbMcusAds:53 - JSON generation date=Thu Sep 30 12:25:09 IST 2021 (1632984909247)
2024-09-23 22:24:22,069 [FATAL] Updater:334 - Updater called before beeing initialized
2024-09-23 22:24:22,384 [WARN] DetailPanel:346 - Failed to get advertising image, set to default
2024-09-23 22:24:22,817 [FATAL] Updater:334 - Updater called before beeing initialized
2024-09-23 22:24:22,824 [FATAL] Updater:334 - Updater called before beeing initialized
2024-09-23 22:24:22,824 [FATAL] Updater:334 - Updater called before beeing initialized
2024-09-23 22:24:22,825 [WARN] DetailPanel:346 - Failed to get advertising image, set to default
2024-09-23 22:24:22,829 [FATAL] Updater:334 - Updater called before beeing initialized
2024-09-23 22:24:23,043 [ERROR] Updater:1164 - MainUpdater not yet initialized. External WinMGr cannot be set.
2024-09-23 22:24:23,048 [INFO] Updater:1100 - Updater Version found : 6.12.1
2024-09-23 22:24:23,169 [INFO] ApplicationProperties:184 - Using Application install path: C:\ST\STM32CubeIDE_1.16.1\STM32CubeIDE\plugins\com.st.stm32cube.common.mx_6.12.1.202409122256
2024-09-23 22:24:24,991 [FATAL] Updater:334 - Updater called before beeing initialized
2024-09-23 22:24:24,992 [ERROR] IntegrityCheckThread:130 - Cannot retrieve database content from updater: error 21
2024-09-23 22:24:24,993 [INFO] ThirdParty:978 - Integrity check success = false
2024-09-23 22:24:24,994 [INFO] IntegrityCheckThread:100 - exiting critical section [integrity check]
2024-09-23 22:24:24,994 [INFO] IntegrityCheckThread:103 - End integrity checks thread
2024-09-23 22:24:25,276 [ERROR] LogOutputStream:75 - [STDERR_REDIRECT] Sep 23, 2024 10:24:25 PM java.util.prefs.WindowsPreferences <init>
2024-09-23 22:24:25,284 [ERROR] LogOutputStream:75 - [STDERR_REDIRECT] WARNING: Could not open/create prefs root node Software\JavaSoft\Prefs at root 0xffffffff80000002. Windows RegCreateKeyEx(...) returned error code 5.
2024-09-23 22:24:25,284 [ERROR] LogOutputStream:75 - [STDERR_REDIRECT] 
2024-09-23 22:24:25,358 [INFO] MainUpdater:526 - Copy updater definitions from MX database
2024-09-23 22:24:25,611 [INFO] MainUpdater:559 - Copy flag file definitions from MX database
2024-09-23 22:24:25,629 [INFO] MainUpdater:575 - Copy thirdparty index definitions from MX database
2024-09-23 22:24:25,634 [INFO] MainUpdater:594 - Copy default thirdparty db definitions from MX database
2024-09-23 22:24:26,664 [INFO] MainUpdater:2873 - connection check result : 10
2024-09-23 22:24:26,665 [INFO] MainUpdater:3567 - Updater definition file requires update
2024-09-23 22:24:26,669 [INFO] MainUpdater:290 - Updater Check For Update Now.
2024-09-23 22:24:26,669 [INFO] MicroXplorer:498 - Change Database Version : DB.6.0.121
2024-09-23 22:24:26,698 [INFO] McuFinderGlobals:63 - Set McuFinder mode to 2 (CubeIDE integrated)
2024-09-23 22:24:26,699 [INFO] UserAuth:179 - activating auth plugin
2024-09-23 22:24:26,931 [INFO] UserAuth:417 - Internet connection configuration mode: 1
2024-09-23 22:24:27,198 [INFO] ServerAccessManage:473 - Download File updaters.zip
2024-09-23 22:24:27,279 [INFO] JxBrowserEngine:152 - Initiate JxBrowser Engine with user profile folder
2024-09-23 22:24:27,642 [INFO] FileExtend:240 - Unzip File : updaters.zip
2024-09-23 22:24:27,643 [INFO] FileExtend:255 - Standard Zip Deflate
2024-09-23 22:24:29,372 [INFO] ServerAccessManage:473 - Download File PacksControlFlags.xml
2024-09-23 22:24:30,067 [INFO] ServerAccessManage:473 - Download File cubemx.pidx
2024-09-23 22:24:30,843 [INFO] ServerAccessManage:473 - Download File STMicroelectronics.FP-ATR-ASTRA1.pdsc
2024-09-23 22:24:31,063 [INFO] ServerAccessManage:473 - Download File STMicroelectronics.FP-ATR-SIGFOX1.pdsc
2024-09-23 22:24:31,210 [INFO] ServerAccessManage:473 - Download File STMicroelectronics.FP-SNS-STBOX1.pdsc
2024-09-23 22:24:31,381 [INFO] ServerAccessManage:473 - Download File STMicroelectronics.FP-SNS-FLIGHT1.pdsc
2024-09-23 22:24:31,580 [INFO] ServerAccessManage:473 - Download File STMicroelectronics.FP-SNS-MOTENV1.pdsc
2024-09-23 22:24:31,863 [INFO] ServerAccessManage:473 - Download File STMicroelectronics.FP-SNS-MOTENVWB1.pdsc
2024-09-23 22:24:32,073 [INFO] ServerAccessManage:473 - Download File STMicroelectronics.FP-SNS-SMARTAG2.pdsc
2024-09-23 22:24:32,325 [INFO] ServerAccessManage:473 - Download File STMicroelectronics.X-CUBE-AI.pdsc
2024-09-23 22:24:32,979 [INFO] ServerAccessManage:473 - Download File STMicroelectronics.X-CUBE-ALS.pdsc
2024-09-23 22:24:33,220 [INFO] ServerAccessManage:473 - Download File STMicroelectronics.X-CUBE-BLE1.pdsc
2024-09-23 22:24:34,368 [ERROR] ServerAccessManage:1089 - Problem, file not found on Server
2024-09-23 22:24:34,396 [INFO] ServerAccessManage:473 - Download File STMicroelectronics.X-CUBE-BLE2.pdsc
2024-09-23 22:24:34,679 [INFO] ServerAccessManage:473 - Download File STMicroelectronics.X-CUBE-BLEMGR.pdsc
2024-09-23 22:24:34,984 [INFO] ServerAccessManage:473 - Download File STMicroelectronics.X-CUBE-DISPLAY.pdsc
2024-09-23 22:24:35,238 [INFO] ServerAccessManage:473 - Download File STMicroelectronics.X-CUBE-DPOWER.pdsc
2024-09-23 22:24:35,975 [ERROR] ServerAccessManage:1089 - Problem, file not found on Server
2024-09-23 22:24:36,615 [ERROR] ServerAccessManage:1089 - Problem, file not found on Server
2024-09-23 22:24:36,796 [ERROR] ServerAccessManage:1089 - Problem, file not found on Server
2024-09-23 22:24:37,435 [ERROR] ServerAccessManage:1089 - Problem, file not found on Server
2024-09-23 22:24:38,053 [ERROR] ServerAccessManage:1089 - Problem, file not found on Server
2024-09-23 22:24:38,675 [ERROR] ServerAccessManage:1089 - Problem, file not found on Server
2024-09-23 22:24:39,361 [ERROR] ServerAccessManage:1089 - Problem, file not found on Server
2024-09-23 22:24:40,007 [ERROR] ServerAccessManage:1089 - Problem, file not found on Server
2024-09-23 22:24:40,190 [ERROR] ServerAccessManage:1089 - Problem, file not found on Server
2024-09-23 22:24:40,857 [ERROR] ServerAccessManage:1089 - Problem, file not found on Server
2024-09-23 22:24:41,068 [ERROR] ServerAccessManage:1089 - Problem, file not found on Server
2024-09-23 22:24:41,097 [INFO] ServerAccessManage:473 - Download File STMicroelectronics.X-CUBE-EEPRMA1.pdsc
2024-09-23 22:24:41,800 [ERROR] ServerAccessManage:1089 - Problem, file not found on Server
2024-09-23 22:24:42,479 [ERROR] ServerAccessManage:1089 - Problem, file not found on Server
2024-09-23 22:24:42,575 [INFO] ServerAccessManage:473 - Download File STMicroelectronics.X-CUBE-FREERTOS.pdsc
2024-09-23 22:24:42,730 [INFO] ServerAccessManage:473 - Download File STMicroelectronics.X-CUBE-GNSS1.pdsc
2024-09-23 22:24:43,268 [ERROR] ServerAccessManage:1089 - Problem, file not found on Server
2024-09-23 22:24:43,934 [ERROR] ServerAccessManage:1089 - Problem, file not found on Server
2024-09-23 22:24:44,567 [ERROR] ServerAccessManage:1089 - Problem, file not found on Server
2024-09-23 22:24:45,185 [ERROR] ServerAccessManage:1089 - Problem, file not found on Server
2024-09-23 22:24:45,833 [ERROR] ServerAccessManage:1089 - Problem, file not found on Server
2024-09-23 22:24:46,461 [ERROR] ServerAccessManage:1089 - Problem, file not found on Server
2024-09-23 22:24:46,479 [INFO] ServerAccessManage:473 - Download File STMicroelectronics.X-CUBE-ISPU.pdsc
2024-09-23 22:24:46,614 [INFO] ServerAccessManage:473 - Download File STMicroelectronics.X-CUBE-MEMS1.pdsc
2024-09-23 22:24:47,419 [INFO] ServerAccessManage:473 - Download File STMicroelectronics.X-CUBE-NFC4.pdsc
2024-09-23 22:24:47,799 [INFO] ServerAccessManage:473 - Download File STMicroelectronics.X-CUBE-NFC6.pdsc
2024-09-23 22:24:47,945 [INFO] ServerAccessManage:473 - Download File STMicroelectronics.X-CUBE-NFC7.pdsc
2024-09-23 22:24:48,254 [INFO] ServerAccessManage:473 - Download File STMicroelectronics.X-CUBE-SFXS2LP1.pdsc
2024-09-23 22:24:48,544 [INFO] ServerAccessManage:473 - Download File STMicroelectronics.X-CUBE-SAFEA1.pdsc
2024-09-23 22:24:48,702 [INFO] ServerAccessManage:473 - Download File STMicroelectronics.X-CUBE-SUBG2.pdsc
2024-09-23 22:24:49,130 [INFO] ServerAccessManage:473 - Download File STMicroelectronics.X-CUBE-SMBUS.pdsc
2024-09-23 22:24:49,842 [ERROR] ServerAccessManage:1089 - Problem, file not found on Server
2024-09-23 22:24:49,869 [INFO] ServerAccessManage:473 - Download File STMicroelectronics.X-CUBE-TCPP.pdsc
2024-09-23 22:24:49,988 [INFO] ServerAccessManage:473 - Download File STMicroelectronics.X-CUBE-TOF1.pdsc
2024-09-23 22:24:50,924 [ERROR] ServerAccessManage:1089 - Problem, file not found on Server
2024-09-23 22:24:50,974 [INFO] ServerAccessManage:473 - Download File STMicroelectronics.X-CUBE-TOUCHGFX.pdsc
2024-09-23 22:24:51,527 [INFO] ServerAccessManage:473 - Download File STMicroelectronics.X-CUBE-ALGOBUILD.pdsc
2024-09-23 22:24:51,967 [INFO] ServerAccessManage:473 - Download File STMicroelectronics.X-CUBE-AZRTOS-H7.pdsc
2024-09-23 22:24:52,467 [INFO] ServerAccessManage:473 - Download File STMicroelectronics.X-CUBE-AZRTOS-H7RS.pdsc
2024-09-23 22:24:52,736 [INFO] ServerAccessManage:473 - Download File STMicroelectronics.X-CUBE-AZRTOS-F4.pdsc
2024-09-23 22:24:53,021 [INFO] ServerAccessManage:473 - Download File STMicroelectronics.X-CUBE-AZRTOS-F7.pdsc
2024-09-23 22:24:53,473 [INFO] ServerAccessManage:473 - Download File STMicroelectronics.X-CUBE-AZRTOS-L4.pdsc
2024-09-23 22:24:53,794 [INFO] ServerAccessManage:473 - Download File STMicroelectronics.X-CUBE-AZRTOS-L5.pdsc
2024-09-23 22:24:54,092 [INFO] ServerAccessManage:473 - Download File STMicroelectronics.X-CUBE-AZRTOS-G0.pdsc
2024-09-23 22:24:54,670 [INFO] ServerAccessManage:473 - Download File STMicroelectronics.X-CUBE-AZRTOS-G4.pdsc
2024-09-23 22:24:55,099 [INFO] ServerAccessManage:473 - Download File STMicroelectronics.X-CUBE-AZRTOS-WB.pdsc
2024-09-23 22:24:55,680 [INFO] ServerAccessManage:473 - Download File STMicroelectronics.X-CUBE-AZRTOS-WL.pdsc
2024-09-23 22:24:56,474 [ERROR] ServerAccessManage:1172 - Problem during Server Connection :  IO error PKIX path building failed: sun.security.provider.certpath.SunCertPathBuilderException: unable to find valid certification path to requested target
2024-09-23 22:24:56,475 [ERROR] ServerAccessManage:651 - Problem during Server Connection :  : wolfSSL.I-CUBE-wolfSSL.pdsc.
2024-09-23 22:24:56,515 [ERROR] ServerAccessManage:1172 - Problem during Server Connection :  IO error PKIX path building failed: sun.security.provider.certpath.SunCertPathBuilderException: unable to find valid certification path to requested target
2024-09-23 22:24:56,515 [ERROR] ServerAccessManage:651 - Problem during Server Connection :  : wolfSSL.I-CUBE-wolfMQTT.pdsc.
2024-09-23 22:24:56,557 [ERROR] ServerAccessManage:1172 - Problem during Server Connection :  IO error PKIX path building failed: sun.security.provider.certpath.SunCertPathBuilderException: unable to find valid certification path to requested target
2024-09-23 22:24:56,558 [ERROR] ServerAccessManage:651 - Problem during Server Connection :  : wolfSSL.I-CUBE-wolfTPM.pdsc.
2024-09-23 22:24:56,606 [ERROR] ServerAccessManage:1172 - Problem during Server Connection :  IO error PKIX path building failed: sun.security.provider.certpath.SunCertPathBuilderException: unable to find valid certification path to requested target
2024-09-23 22:24:56,606 [ERROR] ServerAccessManage:651 - Problem during Server Connection :  : wolfSSL.I-CUBE-wolfSSH.pdsc.
2024-09-23 22:24:57,228 [INFO] WebApp:167 - Instantiating new browser for Auth
2024-09-23 22:24:57,838 [INFO] ServerAccessManage:473 - Download File RealThread.X-CUBE-RT-Thread_Nano.pdsc
2024-09-23 22:24:59,889 [INFO] ServerAccessManage:473 - Download File SEGGER.I-CUBE-embOS.pdsc
2024-09-23 22:25:02,371 [INFO] ServerAccessManage:473 - Download File portGmbH.I-Cube-SoM-uGOAL.pdsc
2024-09-23 22:25:03,900 [ERROR] ServerAccessManage:1089 - Problem, file not found on Server
2024-09-23 22:25:04,043 [ERROR] ServerAccessManage:1089 - Problem, file not found on Server
2024-09-23 22:25:04,183 [ERROR] ServerAccessManage:1089 - Problem, file not found on Server
2024-09-23 22:25:04,941 [INFO] ServerAccessManage:473 - Download File emotas.I-CUBE-CANOPEN.pdsc
2024-09-23 22:25:05,703 [INFO] WebApp:448 - Apply proxy settings
2024-09-23 22:25:05,704 [INFO] WebApp:533 - Chromium requires no authentication
2024-09-23 22:25:05,917 [INFO] WebApp:476 - Direct internet connection detected
2024-09-23 22:25:06,232 [INFO] WebApp:869 - Register for checkConnection events
2024-09-23 22:25:06,232 [INFO] WebApp:448 - Apply proxy settings
2024-09-23 22:25:06,233 [INFO] WebApp:533 - Chromium requires no authentication
2024-09-23 22:25:06,234 [INFO] WebApp:476 - Direct internet connection detected
2024-09-23 22:25:06,836 [INFO] ServerAccessManage:473 - Download File WES.I-CUBE-Cesium.pdsc
2024-09-23 22:25:07,802 [ERROR] ServerAccessManage:1089 - Problem, file not found on Server
2024-09-23 22:25:07,946 [INFO] WebApp:220 - Starting web application
2024-09-23 22:25:07,947 [INFO] WebApp:578 - Web application path used C:\ST\STM32CubeIDE_1.16.1\STM32CubeIDE\plugins\com.st.stm32cube.common.mx_6.12.1.202409122256\db\plugins\mcufinder\reactClient1\index.html
2024-09-23 22:25:08,214 [ERROR] ServerAccessManage:1089 - Problem, file not found on Server
2024-09-23 22:25:08,737 [INFO] WebApp:186 - Connection restablished
2024-09-23 22:25:09,657 [INFO] ServerAccessManage:473 - Download File ITTIA_DB.I-CUBE-ITTIADB.pdsc
2024-09-23 22:25:16,721 [INFO] ServerAccessManage:473 - Download File Infineon.AIROC-Wi-Fi-Bluetooth-STM32.pdsc
2024-09-23 22:25:24,171 [INFO] ServerAccessManage:473 - Download File Cesanta.I-CUBE-Mongoose.pdsc
2024-09-23 22:25:27,203 [INFO] ServerAccessManage:473 - Download File EmbeddedOffice.I-CUBE-FS-RTOS.pdsc
2024-09-23 22:25:27,969 [WARN] CheckServerUpdateThread:151 - Open CheckUpdateFile Fail
2024-09-23 22:25:28,012 [WARN] PackLoader:240 - Cannot read IP mode file for STMicroelectronics.FP-ATR-ASTRA1.2.0.0
2024-09-23 22:25:28,040 [WARN] PackLoader:240 - Cannot read IP mode file for STMicroelectronics.FP-ATR-SIGFOX1.3.2.0
2024-09-23 22:25:28,106 [WARN] PackLoader:240 - Cannot read IP mode file for STMicroelectronics.FP-SNS-STBOX1.2.0.0
2024-09-23 22:25:28,205 [WARN] PackLoader:240 - Cannot read IP mode file for STMicroelectronics.FP-SNS-FLIGHT1.5.0.2
2024-09-23 22:25:28,223 [INFO] CheckServerUpdateThread:120 - End of CheckServer Thread
2024-09-23 22:25:28,247 [WARN] PackLoader:240 - Cannot read IP mode file for STMicroelectronics.FP-SNS-MOTENV1.5.0.0
2024-09-23 22:25:28,299 [WARN] PackLoader:240 - Cannot read IP mode file for STMicroelectronics.FP-SNS-MOTENVWB1.1.4.0
2024-09-23 22:25:28,348 [WARN] PackLoader:240 - Cannot read IP mode file for STMicroelectronics.FP-SNS-SMARTAG2.1.2.0
2024-09-23 22:25:28,378 [WARN] PackLoader:240 - Cannot read IP mode file for STMicroelectronics.X-CUBE-AI.9.0.0
2024-09-23 22:25:28,408 [WARN] PackLoader:240 - Cannot read IP mode file for STMicroelectronics.X-CUBE-ALS.1.0.2
2024-09-23 22:25:28,451 [WARN] PackLoader:240 - Cannot read IP mode file for STMicroelectronics.X-CUBE-BLE1.7.0.0
2024-09-23 22:25:28,493 [WARN] PackLoader:240 - Cannot read IP mode file for STMicroelectronics.X-CUBE-BLE2.3.3.0
2024-09-23 22:25:28,569 [WARN] PackLoader:240 - Cannot read IP mode file for STMicroelectronics.X-CUBE-BLEMGR.3.1.0
2024-09-23 22:25:28,651 [WARN] PackLoader:240 - Cannot read IP mode file for STMicroelectronics.X-CUBE-DISPLAY.3.0.0
2024-09-23 22:25:28,720 [WARN] PackLoader:240 - Cannot read IP mode file for STMicroelectronics.X-CUBE-DPower.1.2.0
2024-09-23 22:25:28,763 [WARN] PackLoader:240 - Cannot read IP mode file for STMicroelectronics.X-CUBE-EEPRMA1.5.1.0
2024-09-23 22:25:28,801 [WARN] PackLoader:240 - Cannot read IP mode file for STMicroelectronics.X-CUBE-FREERTOS.1.2.0
2024-09-23 22:25:28,848 [WARN] PackLoader:240 - Cannot read IP mode file for STMicroelectronics.X-CUBE-GNSS1.7.0.0
2024-09-23 22:25:28,943 [WARN] PackLoader:240 - Cannot read IP mode file for STMicroelectronics.X-CUBE-ISPU.2.1.0
2024-09-23 22:25:29,718 [WARN] PackLoader:240 - Cannot read IP mode file for STMicroelectronics.X-CUBE-MEMS1.11.0.0
2024-09-23 22:25:31,005 [WARN] PackLoader:240 - Cannot read IP mode file for STMicroelectronics.X-CUBE-NFC4.3.0.0
2024-09-23 22:25:31,049 [WARN] PackLoader:240 - Cannot read IP mode file for STMicroelectronics.X-CUBE-NFC6.3.1.0
2024-09-23 22:25:31,087 [WARN] PackLoader:240 - Cannot read IP mode file for STMicroelectronics.X-CUBE-NFC7.1.0.1
2024-09-23 22:25:31,123 [WARN] PackLoader:240 - Cannot read IP mode file for STMicroelectronics.X-CUBE-SFXS2LP1.4.0.0
2024-09-23 22:25:31,185 [WARN] PackLoader:240 - Cannot read IP mode file for STMicroelectronics.X-CUBE-SAFEA1.1.2.2
2024-09-23 22:25:31,319 [WARN] PackLoader:240 - Cannot read IP mode file for STMicroelectronics.X-CUBE-SUBG2.5.0.0
2024-09-23 22:25:31,381 [WARN] PackLoader:240 - Cannot read IP mode file for STMicroelectronics.X-CUBE-SMBUS.2.1.0
2024-09-23 22:25:31,422 [WARN] PackLoader:240 - Cannot read IP mode file for STMicroelectronics.X-CUBE-TCPP.4.1.0
2024-09-23 22:25:31,478 [WARN] PackLoader:240 - Cannot read IP mode file for STMicroelectronics.X-CUBE-TOF1.3.4.2
2024-09-23 22:25:31,552 [WARN] PackLoader:240 - Cannot read IP mode file for STMicroelectronics.X-CUBE-TOUCHGFX.4.24.1
2024-09-23 22:25:31,696 [WARN] PackLoader:240 - Cannot read IP mode file for STMicroelectronics.X-CUBE-ALGOBUILD.1.4.0
2024-09-23 22:25:31,857 [WARN] PackLoader:240 - Cannot read IP mode file for STMicroelectronics.X-CUBE-AZRTOS-H7.3.3.0
2024-09-23 22:25:31,996 [WARN] PackLoader:240 - Cannot read IP mode file for STMicroelectronics.X-CUBE-AZRTOS-H7RS.1.0.0
2024-09-23 22:25:32,153 [WARN] PackLoader:240 - Cannot read IP mode file for STMicroelectronics.X-CUBE-AZRTOS-F4.1.1.0
2024-09-23 22:25:32,424 [WARN] PackLoader:240 - Cannot read IP mode file for STMicroelectronics.X-CUBE-AZRTOS-F7.1.1.0
2024-09-23 22:25:32,577 [WARN] ConditionMgr:438 - getConditionDescription Invalid condition id : LAN8742 Phy interface Condition cause : null
2024-09-23 22:25:32,581 [WARN] PackLoader:240 - Cannot read IP mode file for STMicroelectronics.X-CUBE-AZRTOS-L4.2.0.0
2024-09-23 22:25:32,589 [WARN] ConditionMgr:1039 - genDependencies : Invalid condition id : LAN8742 Phy interface Condition cause : null
2024-09-23 22:25:32,592 [WARN] ConditionMgr:1039 - genDependencies : Invalid condition id : LAN8742 Phy interface Condition cause : null
2024-09-23 22:25:32,597 [WARN] ConditionMgr:1039 - genDependencies : Invalid condition id : LAN8742 Phy interface Condition cause : null
2024-09-23 22:25:32,714 [WARN] PackLoader:240 - Cannot read IP mode file for STMicroelectronics.X-CUBE-AZRTOS-L5.2.0.0
2024-09-23 22:25:32,793 [WARN] PackLoader:240 - Cannot read IP mode file for STMicroelectronics.X-CUBE-AZRTOS-G0.1.1.0
2024-09-23 22:25:32,881 [WARN] PackLoader:240 - Cannot read IP mode file for STMicroelectronics.X-CUBE-AZRTOS-G4.2.0.0
2024-09-23 22:25:32,953 [WARN] ConditionMgr:438 - getConditionDescription Invalid condition id : UX DEVICE CLASS RTOS Condition cause : null
2024-09-23 22:25:32,954 [WARN] ConditionMgr:438 - getConditionDescription Invalid condition id : UX DEVICE CLASS RTOS Condition cause : null
2024-09-23 22:25:32,968 [WARN] PackLoader:240 - Cannot read IP mode file for STMicroelectronics.X-CUBE-AZRTOS-WB.2.0.0
2024-09-23 22:25:32,970 [WARN] ConditionMgr:1039 - genDependencies : Invalid condition id : UX DEVICE CLASS RTOS Condition cause : null
2024-09-23 22:25:32,970 [WARN] ConditionMgr:1039 - genDependencies : Invalid condition id : UX DEVICE CLASS RTOS Condition cause : null
2024-09-23 22:25:32,971 [WARN] ConditionMgr:1039 - genDependencies : Invalid condition id : UX DEVICE CLASS RTOS Condition cause : null
2024-09-23 22:25:32,972 [WARN] ConditionMgr:1039 - genDependencies : Invalid condition id : UX DEVICE CLASS RTOS Condition cause : null
2024-09-23 22:25:32,972 [WARN] ConditionMgr:1039 - genDependencies : Invalid condition id : UX DEVICE CLASS RTOS Condition cause : null
2024-09-23 22:25:33,024 [INFO] LogOutputStream:77 - [STDOUT_REDIRECT] 1 : Invalid condition id : UX_CORESTACK_Condition cause : null
2024-09-23 22:25:33,026 [INFO] LogOutputStream:77 - [STDOUT_REDIRECT] 1 : Invalid condition id : UX_CORESTACK_Condition cause : null
2024-09-23 22:25:33,038 [INFO] LogOutputStream:77 - [STDOUT_REDIRECT] 1 : Invalid condition id : UX_CORESTACK_Condition cause : null
2024-09-23 22:25:33,043 [INFO] LogOutputStream:77 - [STDOUT_REDIRECT] 1 : Invalid condition id : UX_CORESTACK_Condition cause : null
2024-09-23 22:25:33,050 [INFO] LogOutputStream:77 - [STDOUT_REDIRECT] 1 : Invalid condition id : UX_CORESTACK_Condition cause : null
2024-09-23 22:25:33,064 [WARN] PackLoader:240 - Cannot read IP mode file for STMicroelectronics.X-CUBE-AZRTOS-WL.2.0.0
2024-09-23 22:25:33,094 [WARN] PackLoader:240 - Cannot read IP mode file for RealThread.X-CUBE-RT-Thread_Nano.4.1.1
2024-09-23 22:25:33,346 [WARN] PackLoader:240 - Cannot read IP mode file for SEGGER.I-CUBE-embOS.1.3.1
2024-09-23 22:25:33,691 [WARN] PackLoader:240 - Cannot read IP mode file for portGmbH.I-Cube-SoM-uGOAL.1.1.0
2024-09-23 22:25:33,742 [WARN] PackLoader:240 - Cannot read IP mode file for emotas.I-CUBE-CANOPEN.1.3.0
2024-09-23 22:25:33,802 [WARN] PackLoader:240 - Cannot read IP mode file for WES.I-CUBE-Cesium.1.3.0
2024-09-23 22:25:33,848 [WARN] PackLoader:240 - Cannot read IP mode file for ITTIA_DB.I-CUBE-ITTIADB.8.9.0
2024-09-23 22:25:33,967 [WARN] PackLoader:240 - Cannot read IP mode file for Infineon.AIROC-Wi-Fi-Bluetooth-STM32.1.6.1
2024-09-23 22:25:34,003 [WARN] PackLoader:240 - Cannot read IP mode file for Cesanta.I-CUBE-Mongoose.7.13.0
2024-09-23 22:25:34,034 [WARN] PackLoader:240 - Cannot read IP mode file for EmbeddedOffice.I-CUBE-FS-RTOS.1.0.1
2024-09-23 22:25:34,035 [ERROR] ConditionMgr:805 - Attr not supported : Dmpu
2024-09-23 22:25:34,035 [ERROR] ConditionMgr:805 - Attr not supported : Dmpu
2024-09-23 22:25:34,035 [ERROR] ConditionMgr:805 - Attr not supported : Dmpu
2024-09-23 22:25:34,035 [ERROR] ConditionMgr:805 - Attr not supported : Dmpu
2024-09-23 22:25:34,036 [ERROR] ConditionMgr:805 - Attr not supported : Dmpu
2024-09-23 22:25:34,036 [ERROR] ConditionMgr:805 - Attr not supported : Dmpu
2024-09-23 22:25:34,036 [ERROR] ConditionMgr:805 - Attr not supported : Dmpu
2024-09-23 22:25:34,036 [ERROR] ConditionMgr:805 - Attr not supported : Dmpu
2024-09-23 22:25:34,037 [ERROR] ConditionMgr:805 - Attr not supported : Dmpu
2024-09-23 22:25:34,037 [ERROR] ConditionMgr:805 - Attr not supported : Dmpu
2024-09-23 22:25:34,037 [ERROR] ConditionMgr:805 - Attr not supported : Dmpu
2024-09-23 22:25:34,037 [ERROR] ConditionMgr:805 - Attr not supported : Dmpu
2024-09-23 22:25:34,038 [ERROR] ConditionMgr:805 - Attr not supported : Dmpu
2024-09-23 22:25:34,038 [ERROR] ConditionMgr:805 - Attr not supported : Dmpu
2024-09-23 22:25:34,038 [ERROR] ConditionMgr:805 - Attr not supported : Dmpu
2024-09-23 22:25:34,039 [ERROR] ConditionMgr:805 - Attr not supported : Dmpu
2024-09-23 22:25:34,039 [ERROR] ConditionMgr:805 - Attr not supported : Dmpu
2024-09-23 22:25:34,040 [ERROR] ConditionMgr:805 - Attr not supported : Dmpu
2024-09-23 22:25:34,040 [ERROR] ConditionMgr:805 - Attr not supported : Dmpu
2024-09-23 22:25:34,040 [ERROR] ConditionMgr:805 - Attr not supported : Dmpu
2024-09-23 22:25:34,040 [ERROR] ConditionMgr:805 - Attr not supported : Dmpu
2024-09-23 22:25:34,041 [ERROR] ConditionMgr:805 - Attr not supported : Dmpu
2024-09-23 22:25:34,041 [ERROR] ConditionMgr:805 - Attr not supported : Dmpu
2024-09-23 22:25:34,041 [ERROR] ConditionMgr:805 - Attr not supported : Dmpu
2024-09-23 22:25:34,041 [ERROR] ConditionMgr:805 - Attr not supported : Dmpu
2024-09-23 22:25:34,042 [ERROR] ConditionMgr:805 - Attr not supported : Dmpu
2024-09-23 22:25:34,042 [ERROR] ConditionMgr:805 - Attr not supported : Dmpu
2024-09-23 22:25:34,043 [ERROR] ConditionMgr:805 - Attr not supported : Dmpu
2024-09-23 22:25:34,043 [ERROR] ConditionMgr:805 - Attr not supported : Dmpu
2024-09-23 22:25:34,043 [ERROR] ConditionMgr:805 - Attr not supported : Dmpu
2024-09-23 22:25:34,043 [ERROR] ConditionMgr:805 - Attr not supported : Dmpu
2024-09-23 22:25:34,044 [ERROR] ConditionMgr:805 - Attr not supported : Dmpu
2024-09-23 22:25:34,044 [ERROR] ConditionMgr:805 - Attr not supported : Dmpu
2024-09-23 22:25:34,044 [ERROR] ConditionMgr:805 - Attr not supported : Dmpu
2024-09-23 22:25:34,044 [ERROR] ConditionMgr:805 - Attr not supported : Dmpu
2024-09-23 22:25:34,045 [ERROR] ConditionMgr:805 - Attr not supported : Dmpu
2024-09-23 22:25:34,045 [ERROR] ConditionMgr:805 - Attr not supported : Dmpu
2024-09-23 22:25:34,046 [ERROR] ConditionMgr:805 - Attr not supported : Dmpu
2024-09-23 22:25:34,046 [ERROR] ConditionMgr:805 - Attr not supported : Dmpu
2024-09-23 22:25:34,046 [ERROR] ConditionMgr:805 - Attr not supported : Dmpu
2024-09-23 22:25:34,046 [ERROR] ConditionMgr:805 - Attr not supported : Dmpu
2024-09-23 22:25:34,047 [ERROR] ConditionMgr:805 - Attr not supported : Dmpu
2024-09-23 22:25:34,047 [ERROR] ConditionMgr:805 - Attr not supported : Dmpu
2024-09-23 22:25:34,047 [ERROR] ConditionMgr:805 - Attr not supported : Dmpu
2024-09-23 22:25:34,047 [ERROR] ConditionMgr:805 - Attr not supported : Dmpu
2024-09-23 22:25:34,048 [ERROR] ConditionMgr:805 - Attr not supported : Dmpu
2024-09-23 22:25:34,048 [ERROR] ConditionMgr:805 - Attr not supported : Dmpu
2024-09-23 22:25:34,048 [ERROR] ConditionMgr:805 - Attr not supported : Dmpu
2024-09-23 22:25:34,049 [ERROR] ConditionMgr:805 - Attr not supported : Dmpu
2024-09-23 22:25:34,049 [ERROR] ConditionMgr:805 - Attr not supported : Dmpu
2024-09-23 22:25:34,049 [ERROR] ConditionMgr:805 - Attr not supported : Dmpu
2024-09-23 22:25:34,050 [ERROR] ConditionMgr:805 - Attr not supported : Dmpu
2024-09-23 22:25:34,050 [ERROR] ConditionMgr:805 - Attr not supported : Dmpu
2024-09-23 22:25:34,050 [ERROR] ConditionMgr:805 - Attr not supported : Dmpu
2024-09-23 22:25:34,050 [ERROR] ConditionMgr:805 - Attr not supported : Dmpu
2024-09-23 22:25:34,051 [ERROR] ConditionMgr:805 - Attr not supported : Dmpu
2024-09-23 22:25:34,051 [ERROR] ConditionMgr:805 - Attr not supported : Dmpu
2024-09-23 22:25:34,051 [ERROR] ConditionMgr:805 - Attr not supported : Dmpu
2024-09-23 22:25:34,052 [ERROR] ConditionMgr:805 - Attr not supported : Dmpu
2024-09-23 22:25:34,052 [ERROR] ConditionMgr:805 - Attr not supported : Dmpu
2024-09-23 22:25:34,052 [ERROR] ConditionMgr:805 - Attr not supported : Dmpu
2024-09-23 22:25:34,052 [ERROR] ConditionMgr:805 - Attr not supported : Dmpu
2024-09-23 22:25:34,053 [ERROR] ConditionMgr:805 - Attr not supported : Dmpu
2024-09-23 22:25:34,053 [ERROR] ConditionMgr:805 - Attr not supported : Dmpu
2024-09-23 22:25:34,054 [INFO] PopulateThirdPartyThread:66 - Ending populate Thread
2024-09-23 22:25:34,065 [INFO] ThirdParty:1030 - CMSIS Pack Vendor :STMicroelectronics X-CUBE-AZRTOS-H7 3.3.0
2024-09-23 22:25:34,065 [INFO] ThirdParty:1030 - CMSIS Pack Vendor :STMicroelectronics FP-SNS-MOTENVWB1 1.4.0
2024-09-23 22:25:34,065 [INFO] ThirdParty:1030 - CMSIS Pack Vendor :STMicroelectronics X-CUBE-AZRTOS-F4 1.1.0
2024-09-23 22:25:34,066 [INFO] ThirdParty:1030 - CMSIS Pack Vendor :STMicroelectronics X-CUBE-SMBUS 2.1.0
2024-09-23 22:25:34,066 [INFO] ThirdParty:1030 - CMSIS Pack Vendor :STMicroelectronics X-CUBE-ISPU 2.1.0
2024-09-23 22:25:34,066 [INFO] ThirdParty:1030 - CMSIS Pack Vendor :STMicroelectronics X-CUBE-TCPP 4.1.0
2024-09-23 22:25:34,066 [INFO] ThirdParty:1030 - CMSIS Pack Vendor :STMicroelectronics X-CUBE-FREERTOS 1.2.0
2024-09-23 22:25:34,067 [INFO] ThirdParty:1030 - CMSIS Pack Vendor :STMicroelectronics X-CUBE-AZRTOS-WB 2.0.0
2024-09-23 22:25:34,067 [INFO] ThirdParty:1030 - CMSIS Pack Vendor :STMicroelectronics X-CUBE-GNSS1 7.0.0
2024-09-23 22:25:34,067 [INFO] ThirdParty:1030 - CMSIS Pack Vendor :STMicroelectronics X-CUBE-AZRTOS-F7 1.1.0
2024-09-23 22:25:34,067 [INFO] ThirdParty:1030 - CMSIS Pack Vendor :STMicroelectronics X-CUBE-AZRTOS-L5 2.0.0
2024-09-23 22:25:34,068 [INFO] ThirdParty:1030 - CMSIS Pack Vendor :STMicroelectronics X-CUBE-NFC6 3.1.0
2024-09-23 22:25:34,068 [INFO] ThirdParty:1030 - CMSIS Pack Vendor :STMicroelectronics FP-SNS-STBOX1 2.0.0
2024-09-23 22:25:34,068 [INFO] ThirdParty:1030 - CMSIS Pack Vendor :STMicroelectronics X-CUBE-MEMS1 11.0.0
2024-09-23 22:25:34,068 [INFO] ThirdParty:1030 - CMSIS Pack Vendor :STMicroelectronics X-CUBE-AZRTOS-G0 1.1.0
2024-09-23 22:25:34,069 [INFO] ThirdParty:1030 - CMSIS Pack Vendor :STMicroelectronics X-CUBE-DPower 1.2.0
2024-09-23 22:25:34,069 [INFO] ThirdParty:1030 - CMSIS Pack Vendor :STMicroelectronics X-CUBE-NFC4 3.0.0
2024-09-23 22:25:34,069 [INFO] ThirdParty:1030 - CMSIS Pack Vendor :STMicroelectronics X-CUBE-SAFEA1 1.2.2
2024-09-23 22:25:34,069 [INFO] ThirdParty:1030 - CMSIS Pack Vendor :STMicroelectronics X-CUBE-SUBG2 5.0.0
2024-09-23 22:25:34,070 [INFO] ThirdParty:1030 - CMSIS Pack Vendor :EmbeddedOffice I-CUBE-FS-RTOS 1.0.1
2024-09-23 22:25:34,070 [INFO] ThirdParty:1030 - CMSIS Pack Vendor :STMicroelectronics FP-SNS-FLIGHT1 5.0.2
2024-09-23 22:25:34,070 [INFO] ThirdParty:1030 - CMSIS Pack Vendor :Cesanta I-CUBE-Mongoose 7.13.0
2024-09-23 22:25:34,070 [INFO] ThirdParty:1030 - CMSIS Pack Vendor :STMicroelectronics X-CUBE-AI 9.0.0
2024-09-23 22:25:34,070 [INFO] ThirdParty:1030 - CMSIS Pack Vendor :STMicroelectronics X-CUBE-AZRTOS-G4 2.0.0
2024-09-23 22:25:34,071 [INFO] ThirdParty:1030 - CMSIS Pack Vendor :STMicroelectronics X-CUBE-DISPLAY 3.0.0
2024-09-23 22:25:34,071 [INFO] ThirdParty:1030 - CMSIS Pack Vendor :RealThread X-CUBE-RT-Thread_Nano 4.1.1
2024-09-23 22:25:34,071 [INFO] ThirdParty:1030 - CMSIS Pack Vendor :STMicroelectronics FP-ATR-SIGFOX1 3.2.0
2024-09-23 22:25:34,071 [INFO] ThirdParty:1030 - CMSIS Pack Vendor :STMicroelectronics X-CUBE-BLE1 7.0.0
2024-09-23 22:25:34,072 [INFO] ThirdParty:1030 - CMSIS Pack Vendor :STMicroelectronics X-CUBE-EEPRMA1 5.1.0
2024-09-23 22:25:34,072 [INFO] ThirdParty:1030 - CMSIS Pack Vendor :STMicroelectronics X-CUBE-ALS 1.0.2
2024-09-23 22:25:34,072 [INFO] ThirdParty:1030 - CMSIS Pack Vendor :emotas I-CUBE-CANOPEN 1.3.0
2024-09-23 22:25:34,072 [INFO] ThirdParty:1030 - CMSIS Pack Vendor :STMicroelectronics X-CUBE-NFC7 1.0.1
2024-09-23 22:25:34,073 [INFO] ThirdParty:1030 - CMSIS Pack Vendor :ITTIA_DB I-CUBE-ITTIADB 8.9.0
2024-09-23 22:25:34,073 [INFO] ThirdParty:1030 - CMSIS Pack Vendor :STMicroelectronics X-CUBE-TOUCHGFX 4.24.1
2024-09-23 22:25:34,073 [INFO] ThirdParty:1030 - CMSIS Pack Vendor :portGmbH I-Cube-SoM-uGOAL 1.1.0
2024-09-23 22:25:34,073 [INFO] ThirdParty:1030 - CMSIS Pack Vendor :STMicroelectronics X-CUBE-BLEMGR 3.1.0
2024-09-23 22:25:34,074 [INFO] ThirdParty:1030 - CMSIS Pack Vendor :STMicroelectronics FP-SNS-SMARTAG2 1.2.0
2024-09-23 22:25:34,074 [INFO] ThirdParty:1030 - CMSIS Pack Vendor :STMicroelectronics X-CUBE-AZRTOS-WL 2.0.0
2024-09-23 22:25:34,074 [INFO] ThirdParty:1030 - CMSIS Pack Vendor :SEGGER I-CUBE-embOS 1.3.1
2024-09-23 22:25:34,074 [INFO] ThirdParty:1030 - CMSIS Pack Vendor :STMicroelectronics X-CUBE-ALGOBUILD 1.4.0
2024-09-23 22:25:34,075 [INFO] ThirdParty:1030 - CMSIS Pack Vendor :STMicroelectronics FP-SNS-MOTENV1 5.0.0
2024-09-23 22:25:34,075 [INFO] ThirdParty:1030 - CMSIS Pack Vendor :STMicroelectronics X-CUBE-AZRTOS-H7RS 1.0.0
2024-09-23 22:25:34,075 [INFO] ThirdParty:1030 - CMSIS Pack Vendor :STMicroelectronics X-CUBE-AZRTOS-L4 2.0.0
2024-09-23 22:25:34,075 [INFO] ThirdParty:1030 - CMSIS Pack Vendor :STMicroelectronics FP-ATR-ASTRA1 2.0.0
2024-09-23 22:25:34,076 [INFO] ThirdParty:1030 - CMSIS Pack Vendor :WES I-CUBE-Cesium 1.3.0
2024-09-23 22:25:34,076 [INFO] ThirdParty:1030 - CMSIS Pack Vendor :STMicroelectronics X-CUBE-SFXS2LP1 4.0.0
2024-09-23 22:25:34,076 [INFO] ThirdParty:1030 - CMSIS Pack Vendor :STMicroelectronics X-CUBE-BLE2 3.3.0
2024-09-23 22:25:34,076 [INFO] ThirdParty:1030 - CMSIS Pack Vendor :STMicroelectronics X-CUBE-TOF1 3.4.2
2024-09-23 22:25:34,077 [INFO] ThirdParty:1030 - CMSIS Pack Vendor :Infineon AIROC-Wi-Fi-Bluetooth-STM32 1.6.1
2024-09-23 22:25:34,080 [INFO] LoadServerUpdatesThread:375 - End of LoadServerUpdate Thread
